
2024-06-07 01:20:54,713	INFO	该空间当前状态不可预约
2024-06-07 01:20:54,713	ERROR	An error occurred: 该空间当前状态不可预约
2024-06-07 01:21:36,212	INFO	该空间当前状态不可预约
2024-06-07 01:21:36,212	ERROR	An error occurred: 该空间当前状态不可预约
2024-06-07 01:28:38,954	INFO	该空间当前状态不可预约
2024-06-07 01:28:38,954	ERROR	An error occurred: 该空间当前状态不可预约
2024-06-07 01:29:56,359	INFO	该空间当前状态不可预约
2024-06-07 01:29:56,359	ERROR	An error occurred: 该空间当前状态不可预约
2024-06-07 14:01:54,718	INFO	当前用户在该时段已存在预约，不可重复预约
2024-06-07 14:01:54,718	ERROR	An error occurred: 当前用户在该时段已存在预约，不可重复预约
2024-06-07 22:15:56,328	INFO	预约成功<br/>您已违约2次,详情请登录web端或联系管理员
2024-06-08 22:15:18,508	INFO	预约成功<br/>您已违约2次,详情请登录web端或联系管理员
2024-06-09 22:16:16,733	INFO	预约成功<br/>您已违约2次,详情请登录web端或联系管理员
2024-06-10 22:16:35,025	INFO	预约成功<br/>您已违约2次,详情请登录web端或联系管理员
2024-06-11 22:15:09,224	INFO	预约成功<br/>您已违约2次,详情请登录web端或联系管理员
2024-06-12 22:15:31,598	INFO	预约成功<br/>您已违约2次,详情请登录web端或联系管理员
2024-06-13 22:15:50,847	INFO	当前用户在该时段已存在预约，不可重复预约
2024-06-13 22:15:50,848	ERROR	An error occurred: 当前用户在该时段已存在预约，不可重复预约
2024-06-14 22:15:54,124	INFO	当前用户在该时段已存在预约，不可重复预约
2024-06-14 22:15:54,124	ERROR	An error occurred: 当前用户在该时段已存在预约，不可重复预约
2024-06-15 22:14:56,215	INFO	当前用户在该时段已存在预约，不可重复预约
2024-06-15 22:14:56,215	ERROR	An error occurred: 当前用户在该时段已存在预约，不可重复预约
2024-06-16 22:16:41,427	INFO	当前用户在该时段已存在预约，不可重复预约
2024-06-16 22:16:41,427	ERROR	An error occurred: 当前用户在该时段已存在预约，不可重复预约
