
2024-02-27 03:38:16,921	ERROR	An error occurred: 'access_token'
2024-02-27 12:54:23,027	ERROR	An error occurred: 'access_token'
2024-02-27 22:09:28,776	ERROR	An error occurred: 'access_token'
2024-02-28 05:06:09,657	INFO	预约成功
2024-02-28 22:07:45,062	INFO	预约成功
2024-02-29 22:07:25,793	INFO	该空间当前状态不可预约
2024-02-29 22:07:25,793	ERROR	An error occurred: 该空间当前状态不可预约
2024-03-01 22:06:39,344	INFO	预约成功
2024-03-01 22:13:34,153	INFO	该空间当前状态不可预约
2024-03-01 22:13:34,153	ERROR	An error occurred: 该空间当前状态不可预约
2024-03-02 21:56:53,039	INFO	预约失败，最新一天的系统开始预约时间为：06:00
2024-03-02 21:56:53,040	ERROR	An error occurred: 预约失败，最新一天的系统开始预约时间为：06:00
2024-03-02 22:12:08,272	INFO	预约成功
2024-03-03 22:00:14,054	INFO	预约成功
2024-03-03 22:18:17,872	INFO	该空间当前状态不可预约
2024-03-03 22:18:17,872	ERROR	An error occurred: 该空间当前状态不可预约
2024-03-04 22:00:20,056	INFO	预约成功
2024-03-04 22:18:41,155	INFO	该空间当前状态不可预约
2024-03-04 22:18:41,155	ERROR	An error occurred: 该空间当前状态不可预约
2024-03-05 22:00:20,000	INFO	预约成功
2024-03-05 22:19:42,755	INFO	该空间当前状态不可预约
2024-03-05 22:19:42,755	ERROR	An error occurred: 该空间当前状态不可预约
2024-03-06 22:00:51,282	INFO	预约成功
2024-03-06 22:19:27,219	INFO	该空间当前状态不可预约
2024-03-06 22:19:27,219	ERROR	An error occurred: 该空间当前状态不可预约
2024-03-07 22:00:41,369	INFO	预约成功
2024-03-07 22:19:28,539	INFO	该空间当前状态不可预约
2024-03-07 22:19:28,539	ERROR	An error occurred: 该空间当前状态不可预约
2024-03-08 22:00:49,832	INFO	预约成功<br/>您已违约1次,详情请登录web端或联系管理员
2024-03-08 22:21:11,309	INFO	该空间当前状态不可预约
2024-03-08 22:21:11,309	ERROR	An error occurred: 该空间当前状态不可预约
2024-03-09 22:00:25,096	INFO	该空间当前状态不可预约
2024-03-09 22:00:25,096	ERROR	An error occurred: 该空间当前状态不可预约
2024-03-09 22:20:33,964	INFO	该空间当前状态不可预约
2024-03-09 22:20:33,964	ERROR	An error occurred: 该空间当前状态不可预约
2024-03-10 22:00:52,135	INFO	该空间当前状态不可预约
2024-03-10 22:00:52,135	ERROR	An error occurred: 该空间当前状态不可预约
2024-03-10 22:19:41,023	INFO	该空间当前状态不可预约
2024-03-10 22:19:41,023	ERROR	An error occurred: 该空间当前状态不可预约
2024-03-11 22:00:25,507	INFO	预约成功<br/>您已违约1次,详情请登录web端或联系管理员
2024-03-11 22:19:22,121	INFO	该空间当前状态不可预约
2024-03-11 22:19:22,121	ERROR	An error occurred: 该空间当前状态不可预约
2024-03-12 22:00:41,017	INFO	预约成功
2024-03-12 22:18:52,827	INFO	该空间当前状态不可预约
2024-03-12 22:18:52,827	ERROR	An error occurred: 该空间当前状态不可预约
2024-03-13 22:00:57,790	INFO	预约成功
2024-03-13 22:19:20,475	INFO	该空间当前状态不可预约
2024-03-13 22:19:20,476	ERROR	An error occurred: 该空间当前状态不可预约
2024-03-14 22:00:19,429	INFO	预约成功
2024-03-14 22:18:50,328	INFO	该空间当前状态不可预约
2024-03-14 22:18:50,328	ERROR	An error occurred: 该空间当前状态不可预约
2024-03-15 22:00:13,369	INFO	预约成功
2024-03-15 22:20:05,190	INFO	该空间当前状态不可预约
2024-03-15 22:20:05,190	ERROR	An error occurred: 该空间当前状态不可预约
2024-03-16 22:00:46,205	INFO	预约成功
2024-03-16 22:19:06,748	INFO	该空间当前状态不可预约
2024-03-16 22:19:06,748	ERROR	An error occurred: 该空间当前状态不可预约
2024-03-17 22:00:25,541	INFO	预约成功
2024-03-17 22:18:24,202	INFO	该空间当前状态不可预约
2024-03-17 22:18:24,202	ERROR	An error occurred: 该空间当前状态不可预约
2024-03-18 22:00:54,664	INFO	预约成功
2024-03-18 22:19:39,822	INFO	该空间当前状态不可预约
2024-03-18 22:19:39,822	ERROR	An error occurred: 该空间当前状态不可预约
2024-03-19 22:00:45,720	INFO	预约成功
2024-03-19 22:19:24,872	INFO	该空间当前状态不可预约
2024-03-19 22:19:24,872	ERROR	An error occurred: 该空间当前状态不可预约
2024-03-20 22:00:12,532	INFO	预约成功<br/>您已违约1次,详情请登录web端或联系管理员
2024-03-20 22:18:36,341	INFO	该空间当前状态不可预约
2024-03-20 22:18:36,341	ERROR	An error occurred: 该空间当前状态不可预约
2024-03-21 22:00:49,987	INFO	预约成功<br/>您已违约1次,详情请登录web端或联系管理员
2024-03-21 22:20:04,244	INFO	该空间当前状态不可预约
2024-03-21 22:20:04,244	ERROR	An error occurred: 该空间当前状态不可预约
2024-03-22 22:00:16,511	INFO	预约成功<br/>您已违约1次,详情请登录web端或联系管理员
2024-03-22 22:19:23,009	INFO	该空间当前状态不可预约
2024-03-22 22:19:23,009	ERROR	An error occurred: 该空间当前状态不可预约
2024-03-23 22:00:23,968	INFO	预约成功<br/>您已违约1次,详情请登录web端或联系管理员
2024-03-23 22:19:04,183	INFO	该空间当前状态不可预约
2024-03-23 22:19:04,183	ERROR	An error occurred: 该空间当前状态不可预约
2024-03-24 22:00:50,292	INFO	预约成功<br/>您已违约1次,详情请登录web端或联系管理员
2024-03-24 22:20:07,046	INFO	该空间当前状态不可预约
2024-03-24 22:20:07,046	ERROR	An error occurred: 该空间当前状态不可预约
2024-03-25 22:00:45,926	INFO	预约成功<br/>您已违约1次,详情请登录web端或联系管理员
2024-03-25 22:20:20,633	INFO	该空间当前状态不可预约
2024-03-25 22:20:20,633	ERROR	An error occurred: 该空间当前状态不可预约
2024-03-26 22:00:12,772	INFO	预约成功<br/>您已违约1次,详情请登录web端或联系管理员
2024-03-26 22:20:50,501	INFO	该空间当前状态不可预约
2024-03-26 22:20:50,501	ERROR	An error occurred: 该空间当前状态不可预约
2024-03-27 22:00:54,781	INFO	预约成功<br/>您已违约1次,详情请登录web端或联系管理员
2024-03-27 22:21:12,454	INFO	该空间当前状态不可预约
2024-03-27 22:21:12,454	ERROR	An error occurred: 该空间当前状态不可预约
2024-03-28 22:00:48,568	INFO	预约成功<br/>您已违约1次,详情请登录web端或联系管理员
2024-03-28 22:19:35,301	INFO	该空间当前状态不可预约
2024-03-28 22:19:35,301	ERROR	An error occurred: 该空间当前状态不可预约
2024-03-29 22:00:12,117	INFO	预约成功<br/>您已违约1次,详情请登录web端或联系管理员
2024-03-29 22:20:02,047	INFO	该空间当前状态不可预约
2024-03-29 22:20:02,047	ERROR	An error occurred: 该空间当前状态不可预约
2024-03-30 22:01:22,546	ERROR	An error occurred: ('Connection aborted.', ConnectionResetError(104, 'Connection reset by peer'))
2024-03-30 22:20:27,143	INFO	预约成功<br/>您已违约2次,详情请登录web端或联系管理员
2024-03-31 22:00:11,713	INFO	预约成功<br/>您已违约2次,详情请登录web端或联系管理员
2024-03-31 22:19:19,355	INFO	该空间当前状态不可预约
2024-03-31 22:19:19,355	ERROR	An error occurred: 该空间当前状态不可预约
2024-04-01 22:00:26,171	INFO	预约成功<br/>您已违约2次,详情请登录web端或联系管理员
2024-04-01 22:20:08,380	INFO	该空间当前状态不可预约
2024-04-01 22:20:08,381	ERROR	An error occurred: 该空间当前状态不可预约
2024-04-02 22:00:43,167	INFO	预约成功<br/>您已违约2次,详情请登录web端或联系管理员
2024-04-02 22:22:20,146	INFO	该空间当前状态不可预约
2024-04-02 22:22:20,146	ERROR	An error occurred: 该空间当前状态不可预约
2024-04-03 22:00:43,198	INFO	预约成功<br/>您已违约2次,详情请登录web端或联系管理员
2024-04-03 22:18:57,122	INFO	该空间当前状态不可预约
2024-04-03 22:18:57,122	ERROR	An error occurred: 该空间当前状态不可预约
2024-04-04 22:00:17,689	INFO	预约成功<br/>您已违约2次,详情请登录web端或联系管理员
2024-04-04 22:18:50,485	INFO	该空间当前状态不可预约
2024-04-04 22:18:50,485	ERROR	An error occurred: 该空间当前状态不可预约
2024-04-05 22:00:36,691	INFO	预约成功<br/>您已违约2次,详情请登录web端或联系管理员
2024-04-05 22:19:59,332	INFO	该空间当前状态不可预约
2024-04-05 22:19:59,332	ERROR	An error occurred: 该空间当前状态不可预约
2024-04-06 22:00:18,485	INFO	预约成功<br/>您已违约2次,详情请登录web端或联系管理员
2024-04-06 22:18:49,859	INFO	该空间当前状态不可预约
2024-04-06 22:18:49,859	ERROR	An error occurred: 该空间当前状态不可预约
2024-04-07 22:00:44,888	INFO	预约成功
2024-04-07 22:18:30,464	INFO	该空间当前状态不可预约
2024-04-07 22:18:30,465	ERROR	An error occurred: 该空间当前状态不可预约
2024-04-08 22:00:16,439	INFO	预约成功
2024-04-08 22:22:54,667	INFO	该空间当前状态不可预约
2024-04-08 22:22:54,667	ERROR	An error occurred: 该空间当前状态不可预约
2024-04-09 22:00:50,507	INFO	预约成功
2024-04-09 22:19:11,733	INFO	该空间当前状态不可预约
2024-04-09 22:19:11,733	ERROR	An error occurred: 该空间当前状态不可预约
2024-04-10 22:00:41,810	INFO	预约成功
2024-04-10 22:22:16,128	INFO	该空间当前状态不可预约
2024-04-10 22:22:16,128	ERROR	An error occurred: 该空间当前状态不可预约
2024-04-11 22:00:16,675	INFO	预约成功
2024-04-11 22:19:48,759	INFO	该空间当前状态不可预约
2024-04-11 22:19:48,759	ERROR	An error occurred: 该空间当前状态不可预约
2024-04-12 22:00:17,008	INFO	预约成功
2024-04-12 22:16:27,763	INFO	该空间当前状态不可预约
2024-04-12 22:16:27,764	ERROR	An error occurred: 该空间当前状态不可预约
2024-04-13 22:00:22,825	INFO	预约成功<br/>您已违约1次,详情请登录web端或联系管理员
2024-04-13 22:17:27,985	INFO	该空间当前状态不可预约
2024-04-13 22:17:27,985	ERROR	An error occurred: 该空间当前状态不可预约
2024-04-14 23:30:25,795	INFO	该空间当前状态不可预约
2024-04-14 23:30:25,795	ERROR	An error occurred: 该空间当前状态不可预约
2024-04-14 23:35:53,063	INFO	该空间当前状态不可预约
2024-04-14 23:35:53,063	ERROR	An error occurred: 该空间当前状态不可预约
2024-04-15 22:00:15,873	INFO	预约成功<br/>您已违约1次,详情请登录web端或联系管理员
2024-04-15 22:18:58,050	INFO	该空间当前状态不可预约
2024-04-15 22:18:58,050	ERROR	An error occurred: 该空间当前状态不可预约
2024-04-16 22:00:26,619	INFO	预约成功<br/>您已违约1次,详情请登录web端或联系管理员
2024-04-16 22:21:07,320	INFO	该空间当前状态不可预约
2024-04-16 22:21:07,321	ERROR	An error occurred: 该空间当前状态不可预约
2024-04-17 22:00:42,738	INFO	预约成功<br/>您已违约1次,详情请登录web端或联系管理员
2024-04-17 22:19:48,216	INFO	该空间当前状态不可预约
2024-04-17 22:19:48,216	ERROR	An error occurred: 该空间当前状态不可预约
2024-04-18 22:00:16,581	INFO	预约成功<br/>您已违约1次,详情请登录web端或联系管理员
2024-04-18 22:19:24,789	INFO	该空间当前状态不可预约
2024-04-18 22:19:24,789	ERROR	An error occurred: 该空间当前状态不可预约
2024-04-19 22:00:20,986	INFO	预约成功<br/>您已违约1次,详情请登录web端或联系管理员
2024-04-19 22:19:55,282	INFO	该空间当前状态不可预约
2024-04-19 22:19:55,282	ERROR	An error occurred: 该空间当前状态不可预约
2024-04-20 22:00:34,913	INFO	预约成功<br/>您已违约1次,详情请登录web端或联系管理员
2024-04-20 22:19:42,835	INFO	该空间当前状态不可预约
2024-04-20 22:19:42,835	ERROR	An error occurred: 该空间当前状态不可预约
2024-04-21 22:00:28,676	INFO	预约成功<br/>您已违约1次,详情请登录web端或联系管理员
2024-04-21 22:20:42,355	INFO	该空间当前状态不可预约
2024-04-21 22:20:42,355	ERROR	An error occurred: 该空间当前状态不可预约
2024-04-22 22:00:48,383	INFO	预约成功<br/>您已违约1次,详情请登录web端或联系管理员
2024-04-22 22:21:34,370	INFO	该空间当前状态不可预约
2024-04-22 22:21:34,370	ERROR	An error occurred: 该空间当前状态不可预约
2024-04-23 22:00:43,122	INFO	预约成功<br/>您已违约1次,详情请登录web端或联系管理员
2024-04-23 22:20:41,004	INFO	该空间当前状态不可预约
2024-04-23 22:20:41,004	ERROR	An error occurred: 该空间当前状态不可预约
2024-04-24 22:00:49,192	INFO	预约成功<br/>您已违约1次,详情请登录web端或联系管理员
2024-04-24 22:22:19,930	INFO	该空间当前状态不可预约
2024-04-24 22:22:19,931	ERROR	An error occurred: 该空间当前状态不可预约
2024-04-25 22:00:15,705	INFO	预约成功<br/>您已违约1次,详情请登录web端或联系管理员
2024-04-25 22:19:41,012	INFO	该空间当前状态不可预约
2024-04-25 22:19:41,013	ERROR	An error occurred: 该空间当前状态不可预约
2024-04-26 22:00:26,894	INFO	预约成功<br/>您已违约1次,详情请登录web端或联系管理员
2024-04-26 22:21:52,341	INFO	该空间当前状态不可预约
2024-04-26 22:21:52,341	ERROR	An error occurred: 该空间当前状态不可预约
2024-04-27 22:00:46,300	INFO	预约成功<br/>您已违约1次,详情请登录web端或联系管理员
2024-04-27 22:19:43,917	INFO	该空间当前状态不可预约
2024-04-27 22:19:43,917	ERROR	An error occurred: 该空间当前状态不可预约
2024-04-28 22:00:12,462	INFO	预约成功<br/>您已违约1次,详情请登录web端或联系管理员
2024-04-28 22:19:25,332	INFO	该空间当前状态不可预约
2024-04-28 22:19:25,332	ERROR	An error occurred: 该空间当前状态不可预约
2024-04-29 22:00:23,677	INFO	预约成功
2024-04-29 22:19:55,421	INFO	该空间当前状态不可预约
2024-04-29 22:19:55,421	ERROR	An error occurred: 该空间当前状态不可预约
2024-04-30 22:00:16,452	INFO	预约成功
2024-04-30 22:20:13,346	INFO	该空间当前状态不可预约
2024-04-30 22:20:13,347	ERROR	An error occurred: 该空间当前状态不可预约
2024-05-01 22:00:32,995	INFO	预约成功
2024-05-01 22:22:03,190	INFO	该空间当前状态不可预约
2024-05-01 22:22:03,190	ERROR	An error occurred: 该空间当前状态不可预约
2024-05-02 22:00:18,927	INFO	预约成功
2024-05-02 22:21:20,838	INFO	该空间当前状态不可预约
2024-05-02 22:21:20,838	ERROR	An error occurred: 该空间当前状态不可预约
2024-05-03 22:00:15,226	INFO	预约成功
2024-05-03 22:20:32,800	INFO	该空间当前状态不可预约
2024-05-03 22:20:32,800	ERROR	An error occurred: 该空间当前状态不可预约
2024-05-04 22:00:34,666	INFO	预约成功
2024-05-04 22:18:57,619	INFO	该空间当前状态不可预约
2024-05-04 22:18:57,619	ERROR	An error occurred: 该空间当前状态不可预约
2024-05-05 22:00:21,046	INFO	预约成功
2024-05-05 22:21:11,272	INFO	该空间当前状态不可预约
2024-05-05 22:21:11,273	ERROR	An error occurred: 该空间当前状态不可预约
2024-05-06 22:00:36,120	ERROR	An error occurred: 'access_token'
2024-05-06 22:21:05,488	ERROR	An error occurred: 'access_token'
2024-05-07 16:11:25,830	INFO	预约失败，最新一天的系统开始预约时间为：06:00
2024-05-07 16:11:25,831	ERROR	An error occurred: 预约失败，最新一天的系统开始预约时间为：06:00
2024-05-07 22:00:16,198	INFO	预约成功
2024-05-07 22:19:57,400	INFO	该空间当前状态不可预约
2024-05-07 22:19:57,400	ERROR	An error occurred: 该空间当前状态不可预约
2024-05-08 22:00:40,899	INFO	预约成功<br/>您已违约1次,详情请登录web端或联系管理员
2024-05-08 22:20:34,380	INFO	该空间当前状态不可预约
2024-05-08 22:20:34,380	ERROR	An error occurred: 该空间当前状态不可预约
2024-05-09 22:00:32,166	INFO	预约成功<br/>您已违约1次,详情请登录web端或联系管理员
2024-05-09 22:19:48,821	INFO	该空间当前状态不可预约
2024-05-09 22:19:48,821	ERROR	An error occurred: 该空间当前状态不可预约
2024-05-10 22:00:30,612	INFO	预约成功<br/>您已违约2次,详情请登录web端或联系管理员
2024-05-10 22:21:09,348	INFO	该空间当前状态不可预约
2024-05-10 22:21:09,348	ERROR	An error occurred: 该空间当前状态不可预约
2024-05-11 22:00:15,894	INFO	预约成功<br/>您已违约2次,详情请登录web端或联系管理员
2024-05-11 22:18:45,345	INFO	该空间当前状态不可预约
2024-05-11 22:18:45,345	ERROR	An error occurred: 该空间当前状态不可预约
2024-05-12 22:00:39,434	INFO	预约成功<br/>您已违约2次,详情请登录web端或联系管理员
2024-05-12 22:18:56,540	INFO	该空间当前状态不可预约
2024-05-12 22:18:56,540	ERROR	An error occurred: 该空间当前状态不可预约
2024-05-13 22:00:20,203	INFO	存在黑名单用户，不可执行预约操作
2024-05-13 22:00:20,203	ERROR	An error occurred: 存在黑名单用户，不可执行预约操作
2024-05-13 22:21:27,627	INFO	存在黑名单用户，不可执行预约操作
2024-05-13 22:21:27,627	ERROR	An error occurred: 存在黑名单用户，不可执行预约操作
2024-05-14 22:00:45,716	INFO	存在黑名单用户，不可执行预约操作
2024-05-14 22:00:45,716	ERROR	An error occurred: 存在黑名单用户，不可执行预约操作
2024-05-14 22:22:26,407	INFO	存在黑名单用户，不可执行预约操作
2024-05-14 22:22:26,408	ERROR	An error occurred: 存在黑名单用户，不可执行预约操作
2024-05-15 22:00:23,159	INFO	存在黑名单用户，不可执行预约操作
2024-05-15 22:00:23,160	ERROR	An error occurred: 存在黑名单用户，不可执行预约操作
2024-05-15 22:23:46,705	INFO	该空间当前状态不可预约
2024-05-15 22:23:46,705	ERROR	An error occurred: 该空间当前状态不可预约
2024-05-16 22:00:14,789	INFO	预约成功
2024-05-16 22:22:21,756	INFO	该空间当前状态不可预约
2024-05-16 22:22:21,756	ERROR	An error occurred: 该空间当前状态不可预约
2024-05-17 22:00:18,403	INFO	预约成功
2024-05-17 22:21:04,044	INFO	该空间当前状态不可预约
2024-05-17 22:21:04,044	ERROR	An error occurred: 该空间当前状态不可预约
2024-05-18 22:00:28,443	INFO	预约成功
2024-05-18 22:20:04,525	INFO	该空间当前状态不可预约
2024-05-18 22:20:04,526	ERROR	An error occurred: 该空间当前状态不可预约
2024-05-19 22:00:29,143	INFO	预约成功
2024-05-19 22:22:16,950	INFO	该空间当前状态不可预约
2024-05-19 22:22:16,951	ERROR	An error occurred: 该空间当前状态不可预约
2024-05-20 22:00:26,371	INFO	预约成功
2024-05-20 22:20:04,605	INFO	该空间当前状态不可预约
2024-05-20 22:20:04,605	ERROR	An error occurred: 该空间当前状态不可预约
2024-05-21 22:00:18,869	INFO	预约成功
2024-05-21 22:20:34,828	INFO	该空间当前状态不可预约
2024-05-21 22:20:34,828	ERROR	An error occurred: 该空间当前状态不可预约
2024-05-22 22:00:39,312	INFO	预约成功<br/>您已违约1次,详情请登录web端或联系管理员
2024-05-22 22:20:14,286	INFO	该空间当前状态不可预约
2024-05-22 22:20:14,286	ERROR	An error occurred: 该空间当前状态不可预约
2024-05-23 22:00:19,433	INFO	预约成功<br/>您已违约1次,详情请登录web端或联系管理员
2024-05-23 22:21:08,340	INFO	该空间当前状态不可预约
2024-05-23 22:21:08,340	ERROR	An error occurred: 该空间当前状态不可预约
2024-05-24 22:00:13,812	INFO	预约成功
2024-05-24 22:21:00,169	INFO	该空间当前状态不可预约
2024-05-24 22:21:00,169	ERROR	An error occurred: 该空间当前状态不可预约
2024-05-25 22:00:26,467	INFO	预约成功
2024-05-25 22:20:58,028	INFO	该空间当前状态不可预约
2024-05-25 22:20:58,028	ERROR	An error occurred: 该空间当前状态不可预约
2024-05-26 22:00:13,897	INFO	预约成功
2024-05-26 22:19:46,257	INFO	该空间当前状态不可预约
2024-05-26 22:19:46,257	ERROR	An error occurred: 该空间当前状态不可预约
2024-05-27 22:00:25,646	INFO	预约成功
2024-05-27 22:19:52,584	INFO	该空间当前状态不可预约
2024-05-27 22:19:52,584	ERROR	An error occurred: 该空间当前状态不可预约
2024-05-28 22:00:31,055	INFO	预约成功
2024-05-28 22:20:34,383	INFO	该空间当前状态不可预约
2024-05-28 22:20:34,383	ERROR	An error occurred: 该空间当前状态不可预约
2024-05-29 22:00:15,056	INFO	预约成功
